<?xml version="1.0" encoding="UTF-8"?>
<!-- Generated by org.testng.reporters.JUnitReportReporter -->
<testsuite hostname="LAPTOP-VP7T7GP6" failures="0" tests="2" name="Testcases.Testcase1" time="0.006" errors="0" timestamp="2021-08-14T21:12:58 IST" skipped="0">
  <testcase classname="Testcases.Testcase1" name="method2" time="0.000"/>
  <system-out/>
  <testcase classname="Testcases.Testcase1" name="method1" time="0.006"/>
  <system-out/>
</testsuite> <!-- Testcases.Testcase1 -->
